Sun Nov 22 17:40:59 2020 already signed 
Mon Nov 23 17:15:27 2020 signed successfully! 
Tue Nov 24 17:01:23 2020 signed successfully! 
Wed Nov 25 17:00:14 2020 signed successfully! 
Thu Nov 26 17:14:52 2020 signed successfully! 
Fri Nov 27 17:00:20 2020 signed successfully! 
Sat Nov 28 17:02:11 2020 signed successfully! 
Sat Nov 28 17:02:19 2020 already signed 
Sat Nov 28 17:02:20 2020 signed successfully! 
Sat Nov 28 17:02:26 2020 already signed 
Sat Nov 28 17:03:02 2020 already signed 
Sat Nov 28 17:10:17 2020 already signed 
Sun Nov 29 17:02:23 2020 signed successfully! 
Mon Nov 30 17:00:42 2020 signed successfully! 
Tue Dec  1 17:00:19 2020 signed successfully! 
Thu Dec  3 17:00:19 2020 signed successfully! 
Fri Dec  4 17:00:19 2020 signed successfully! 
Sat Dec  5 17:00:35 2020 signed successfully! 
Sun Dec  6 17:01:05 2020 signed successfully! 
Mon Dec  7 14:44:53 2020 wait for sign, too early. 
Mon Dec  7 14:50:12 2020 wait for sign, too early. 
Mon Dec  7 14:52:49 2020 wait for sign, too early. 
Mon Dec  7 14:53:45 2020 wait for sign, too early. 
Mon Dec  7 17:00:17 2020 signed successfully! 
Tue Dec  8 17:00:17 2020 signed successfully! 
Wed Dec  9 17:00:18 2020 signed successfully! 
Thu Dec 10 17:04:22 2020 signed successfully! 
Fri Dec 11 17:00:19 2020 signed successfully! 
Sat Dec 12 17:12:17 2020 already signed. 
Sun Dec 13 17:03:46 2020 signed successfully! 
Mon Dec 14 17:00:17 2020 signed successfully! 
Tue Dec 15 17:00:18 2020 signed successfully! 
Wed Dec 16 17:00:18 2020 signed successfully! 
Thu Dec 17 17:00:18 2020 signed successfully! 
Sat Dec 19 17:00:17 2020 signed successfully! 
Sun Dec 20 18:41:54 2020 signed successfully! 
Sun Dec 20 18:42:28 2020 already signed. 
Mon Dec 21 17:00:21 2020 signed successfully! 
Tue Dec 22 17:00:23 2020 signed successfully! 
Wed Dec 23 17:00:21 2020 signed successfully! 
Thu Dec 24 17:00:21 2020 signed successfully! 
Fri Dec 25 17:00:21 2020 signed successfully! 
Sat Dec 26 17:00:21 2020 signed successfully! 
Sun Dec 27 17:00:23 2020 signed successfully! 
Mon Dec 28 17:00:21 2020 signed successfully! 
Tue Dec 29 17:00:21 2020 signed successfully! 
Wed Dec 30 17:00:21 2020 signed successfully! 
Thu Dec 31 17:00:50 2020 signed successfully! 
Fri Jan  1 17:16:35 2021 signed successfully! 
Sat Jan  2 17:00:21 2021 signed successfully! 
Sun Jan  3 18:03:56 2021 signed successfully! 
Mon Jan  4 17:00:22 2021 signed successfully! 
Tue Jan  5 17:00:21 2021 signed successfully! 
Wed Jan  6 17:00:21 2021 signed successfully! 
Thu Jan  7 17:00:21 2021 signed successfully! 
